<?xml version="1.0" encoding="UTF-8"?>
<!-- Generated by org.testng.reporters.JUnitReportReporter -->
<testsuite hostname="LAPTOP-9PSLU48T" failures="0" tests="1" name="Script.Test3" time="0.009" errors="0" timestamp="2022-08-09T10:43:09 IST" skipped="0">
  <testcase classname="Script.Test3" name="tc3" time="0.009"/>
  <system-out>
    <![CDATA[Hello Java and Selenium]]>
  </system-out>
</testsuite> <!-- Script.Test3 -->
