<?xml version="1.0" encoding="UTF-8"?>
<!-- Generated by org.testng.reporters.JUnitReportReporter -->
<testsuite hostname="LAPTOP-9PSLU48T" failures="0" tests="1" name="Script.Test0" time="0.001" errors="0" timestamp="2022-08-09T10:43:09 IST" skipped="0">
  <testcase classname="Script.Test0" name="tc1" time="0.001"/>
  <system-out>
    <![CDATA[Hello java]]>
  </system-out>
</testsuite> <!-- Script.Test0 -->
